<?xml version="1.0" encoding="UTF-8"?>
<testsuite xmlns:xsi="http://www.w3.org/2001/XMLSchema-instance" xsi:noNamespaceSchemaLocation="https://maven.apache.org/surefire/maven-surefire-plugin/xsd/surefire-test-report-3.0.xsd" version="3.0" name="TestSuite" time="32.372" tests="2" errors="0" skipped="0" failures="0">
  <properties>
[...]
</properties>
  <testcase name="test_account_registration" classname="testCases.TC001_AccountRegistrationTest" time="5.228">
    <system-out><![CDATA[07:54:16.452 [main] INFO  testCases.TC001_AccountRegistrationTest - Staring TC001_AccountRegistrationTest...
07:54:17.871 [main] INFO  testCases.TC001_AccountRegistrationTest - Entered First Name...
07:54:18.007 [main] INFO  testCases.TC001_AccountRegistrationTest - Entered Last Name...
07:54:18.168 [main] INFO  testCases.TC001_AccountRegistrationTest - Entered Email with random name...
07:54:18.306 [main] INFO  testCases.TC001_AccountRegistrationTest - Entered Email with random phone number...
07:54:18.440 [main] INFO  testCases.TC001_AccountRegistrationTest - Entered Password...
07:54:18.566 [main] INFO  testCases.TC001_AccountRegistrationTest - Entered Password again for confirmation...
07:54:21.587 [main] INFO  testCases.TC001_AccountRegistrationTest - Clicked on Continue button
]]></system-out>
    <system-err><![CDATA[SLF4J: Failed to load class "org.slf4j.impl.StaticLoggerBinder".
SLF4J: Defaulting to no-operation (NOP) logger implementation
SLF4J: See http://www.slf4j.org/codes.html#StaticLoggerBinder for further details.
Sep 07, 2023 7:54:07 AM org.openqa.selenium.remote.service.DriverService$Builder getLogOutput
INFO: Driver logs no longer sent to console by default; https://www.selenium.dev/documentation/webdriver/drivers/service/#setting-log-output
Sep 07, 2023 7:54:12 AM org.openqa.selenium.devtools.CdpVersionFinder findNearestMatch
WARNING: Unable to find an exact match for CDP version 116, so returning the closest version found: 114
]]></system-err>
  </testcase>
  <testcase name="login_test" classname="testCases.TC002_LoginTest" time="4.031">
    <system-out><![CDATA[07:54:35.608 [main] INFO  testCases.TC002_LoginTest - ****************** Finished TC002 ******************
]]></system-out>
    <system-err><![CDATA[Sep 07, 2023 7:54:22 AM org.openqa.selenium.remote.service.DriverService$Builder getLogOutput
INFO: Driver logs no longer sent to console by default; https://www.selenium.dev/documentation/webdriver/drivers/service/#setting-log-output
Sep 07, 2023 7:54:23 AM org.openqa.selenium.devtools.CdpVersionFinder findNearestMatch
WARNING: Unable to find an exact match for CDP version 116, so returning the closest version found: 114
]]></system-err>
  </testcase>
</testsuite>