<?xml version="1.0" encoding="UTF-8"?>
<testng-results ignored="0" total="2" passed="2" failed="0" skipped="0">
  <reporter-output>
  </reporter-output>
  <suite started-at="2023-09-07T07:54:06 IST" name="OpencartSuite" finished-at="2023-09-07T07:54:35 IST" duration-ms="29840">
    <groups>
      <group name="Master">
        <method signature="TC001_AccountRegistrationTest.test_account_registration()[pri:0, instance:testCases.TC001_AccountRegistrationTest@5149d738]" name="test_account_registration" class="testCases.TC001_AccountRegistrationTest"/>
        <method signature="TC002_LoginTest.login_test()[pri:0, instance:testCases.TC002_LoginTest@712625fd]" name="login_test" class="testCases.TC002_LoginTest"/>
      </group> <!-- Master -->
      <group name="Sanity">
        <method signature="TC002_LoginTest.login_test()[pri:0, instance:testCases.TC002_LoginTest@712625fd]" name="login_test" class="testCases.TC002_LoginTest"/>
      </group> <!-- Sanity -->
      <group name="Regression">
        <method signature="TC001_AccountRegistrationTest.test_account_registration()[pri:0, instance:testCases.TC001_AccountRegistrationTest@5149d738]" name="test_account_registration" class="testCases.TC001_AccountRegistrationTest"/>
      </group> <!-- Regression -->
    </groups>
    <test started-at="2023-09-07T07:54:06 IST" name="OpencartTest" finished-at="2023-09-07T07:54:35 IST" duration-ms="29840">
      <class name="testCases.TC002_LoginTest">
        <test-method is-config="true" signature="setUp(java.lang.String)[pri:0, instance:testCases.TC002_LoginTest@712625fd]" started-at="2023-09-07T07:54:22 IST" name="setUp" finished-at="2023-09-07T07:54:31 IST" duration-ms="9509" status="PASS">
          <params>
            <param index="0">
              <value>
                <![CDATA[chrome]]>
              </value>
            </param>
          </params>
          <reporter-output>
          </reporter-output>
        </test-method> <!-- setUp -->
        <test-method signature="login_test()[pri:0, instance:testCases.TC002_LoginTest@712625fd]" started-at="2023-09-07T07:54:31 IST" name="login_test" finished-at="2023-09-07T07:54:35 IST" duration-ms="4028" status="PASS">
          <reporter-output>
          </reporter-output>
        </test-method> <!-- login_test -->
        <test-method is-config="true" signature="tearDown()[pri:0, instance:testCases.TC002_LoginTest@712625fd]" started-at="2023-09-07T07:54:35 IST" name="tearDown" finished-at="2023-09-07T07:54:35 IST" duration-ms="361" status="PASS">
          <reporter-output>
          </reporter-output>
        </test-method> <!-- tearDown -->
      </class> <!-- testCases.TC002_LoginTest -->
      <class name="testCases.TC001_AccountRegistrationTest">
        <test-method is-config="true" signature="setUp(java.lang.String)[pri:0, instance:testCases.TC001_AccountRegistrationTest@5149d738]" started-at="2023-09-07T07:54:06 IST" name="setUp" finished-at="2023-09-07T07:54:16 IST" duration-ms="9897" status="PASS">
          <params>
            <param index="0">
              <value>
                <![CDATA[chrome]]>
              </value>
            </param>
          </params>
          <reporter-output>
          </reporter-output>
        </test-method> <!-- setUp -->
        <test-method signature="test_account_registration()[pri:0, instance:testCases.TC001_AccountRegistrationTest@5149d738]" started-at="2023-09-07T07:54:16 IST" name="test_account_registration" finished-at="2023-09-07T07:54:21 IST" duration-ms="5146" status="PASS">
          <reporter-output>
          </reporter-output>
        </test-method> <!-- test_account_registration -->
        <test-method is-config="true" signature="tearDown()[pri:0, instance:testCases.TC001_AccountRegistrationTest@5149d738]" started-at="2023-09-07T07:54:21 IST" name="tearDown" finished-at="2023-09-07T07:54:22 IST" duration-ms="397" status="PASS">
          <reporter-output>
          </reporter-output>
        </test-method> <!-- tearDown -->
      </class> <!-- testCases.TC001_AccountRegistrationTest -->
    </test> <!-- OpencartTest -->
  </suite> <!-- OpencartSuite -->
</testng-results>
